[2025-10-31 22:31:20,715: INFO: common: yaml file: config\config.yaml loaded successfully]
[2025-10-31 22:31:20,720: INFO: common: yaml file: params.yaml loaded successfully]
[2025-10-31 22:31:20,721: INFO: common: created directory at: artifacts]
[2025-10-31 22:31:20,724: INFO: common: created directory at: artifacts/data_ingestion]
[2025-10-31 22:31:20,726: INFO: 3533945792: Downloading file from : https://drive.google.com/file/d/1YGUK8ehylPe9DIlMXvtFHV8H9cBqSTX7/view?usp=sharing into file : artifacts/data_ingestion/data.zip]
[2025-10-31 22:32:28,314: INFO: common: yaml file: config\config.yaml loaded successfully]
[2025-10-31 22:32:28,316: INFO: common: yaml file: params.yaml loaded successfully]
[2025-10-31 22:32:28,330: INFO: common: created directory at: artifacts]
[2025-10-31 22:32:28,333: INFO: common: created directory at: artifacts/data_ingestion]
[2025-10-31 22:32:28,335: INFO: 3909091467: Downloading file from : https://drive.google.com/file/d/1YGUK8ehylPe9DIlMXvtFHV8H9cBqSTX7/view?usp=sharing into file : artifacts/data_ingestion/data.zip]
[2025-10-31 22:32:45,758: INFO: common: yaml file: config\config.yaml loaded successfully]
[2025-10-31 22:32:45,760: INFO: common: yaml file: params.yaml loaded successfully]
[2025-10-31 22:32:45,762: INFO: common: created directory at: artifacts]
[2025-10-31 22:32:45,765: INFO: common: created directory at: artifacts/data_ingestion]
[2025-10-31 22:32:45,766: INFO: 3533945792: Downloading file from : https://drive.google.com/file/d/1YGUK8ehylPe9DIlMXvtFHV8H9cBqSTX7/view?usp=sharing into file : artifacts/data_ingestion/data.zip]
[2025-10-31 22:35:03,283: INFO: common: yaml file: config\config.yaml loaded successfully]
[2025-10-31 22:35:03,286: INFO: common: yaml file: params.yaml loaded successfully]
[2025-10-31 22:35:03,286: INFO: common: created directory at: artifacts]
[2025-10-31 22:35:03,290: INFO: common: created directory at: artifacts/data_ingestion]
[2025-10-31 22:35:03,292: INFO: 3715517243: Downloading file from : https://drive.google.com/file/d/1YGUK8ehylPe9DIlMXvtFHV8H9cBqSTX7/view?usp=sharing into file : artifacts/data_ingestion/data.zip]
[2025-10-31 22:38:39,375: INFO: common: yaml file: config\config.yaml loaded successfully]
[2025-10-31 22:38:39,377: INFO: common: yaml file: params.yaml loaded successfully]
[2025-10-31 22:38:39,379: INFO: common: created directory at: artifacts]
[2025-10-31 22:38:39,381: INFO: common: created directory at: artifacts/data_ingestion]
[2025-10-31 22:38:39,382: INFO: 401413229: Downloading file from : https://drive.google.com/file/d/1YGUK8ehylPe9DIlMXvtFHV8H9cBqSTX7/view?usp=sharing into file : artifacts/data_ingestion/data.zip]
